# JRE version: Java(TM) SE Runtime Environment (23.0.1+11) (build 23.0.1+11-39)
# Java VM: Java HotSpot(TM) 64-Bit Server VM (23.0.1+11-39, mixed mode, sharing, tiered, compressed oops, compressed class ptrs, g1 gc, windows-amd64)
GC Precious Log:
 CardTable entry size: 512
 Card Set container configuration: InlinePtr #cards 5 size 8 Array Of Cards #cards 10 size 36 Howl #buckets 4 coarsen threshold 1843 Howl Bitmap #cards 512 size 80 coarsen threshold 460 Card regions per heap region 1 cards per card region 2048
 CPUs: 8 total, 8 available
 Memory: 16158M
 Large Page Support: Disabled
 NUMA Support: Disabled
 Compressed Oops: Enabled (32-bit)
 Heap Region Size: 1M
 Heap Min Capacity: 8M
 Heap Initial Capacity: 254M
 Heap Max Capacity: 2G
 Pre-touch: Disabled
 Parallel Workers: 8
 Concurrent Workers: 2
 Concurrent Refinement Workers: 8
 Periodic GC: Disabled
Heap:
 garbage-first heap   total reserved 2097152K, committed 104448K, used 76847K [0x0000000080000000, 0x0000000100000000)
  region size 1024K, 17 young (17408K), 3 survivors (3072K)
 Metaspace       used 76481K, committed 78528K, reserved 557056K
  class space    used 11215K, committed 12224K, reserved 425984K
GC Heap History (20 events):
Event: 96.618 GC heap before
{Heap before GC invocations=13 (full 0):
 garbage-first heap   total reserved 2097152K, committed 95232K, used 83247K [0x0000000080000000, 0x0000000100000000)
  region size 1024K, 47 young (48128K), 5 survivors (5120K)
 Metaspace       used 52043K, committed 53760K, reserved 491520K
  class space    used 7605K, committed 8448K, reserved 425984K
}
Event: 96.627 GC heap after
{Heap after GC invocations=14 (full 0):
 garbage-first heap   total reserved 2097152K, committed 95232K, used 41834K [0x0000000080000000, 0x0000000100000000)
  region size 1024K, 4 young (4096K), 4 survivors (4096K)
 Metaspace       used 52043K, committed 53760K, reserved 491520K
  class space    used 7605K, committed 8448K, reserved 425984K
}
Event: 107.638 GC heap before
{Heap before GC invocations=14 (full 0):
 garbage-first heap   total reserved 2097152K, committed 95232K, used 83818K [0x0000000080000000, 0x0000000100000000)
  region size 1024K, 45 young (46080K), 4 survivors (4096K)
 Metaspace       used 56734K, committed 58432K, reserved 491520K
  class space    used 8290K, committed 9088K, reserved 425984K
}
Event: 107.647 GC heap after
{Heap after GC invocations=15 (full 0):
 garbage-first heap   total reserved 2097152K, committed 95232K, used 44029K [0x0000000080000000, 0x0000000100000000)
  region size 1024K, 5 young (5120K), 5 survivors (5120K)
 Metaspace       used 56734K, committed 58432K, reserved 491520K
  class space    used 8290K, committed 9088K, reserved 425984K
}
Event: 110.950 GC heap before
{Heap before GC invocations=15 (full 0):
 garbage-first heap   total reserved 2097152K, committed 95232K, used 55293K [0x0000000080000000, 0x0000000100000000)
  region size 1024K, 17 young (17408K), 5 survivors (5120K)
 Metaspace       used 58414K, committed 60096K, reserved 491520K
  class space    used 8546K, committed 9344K, reserved 425984K
}
Event: 110.956 GC heap after
{Heap after GC invocations=16 (full 0):
 garbage-first heap   total reserved 2097152K, committed 95232K, used 45097K [0x0000000080000000, 0x0000000100000000)
  region size 1024K, 4 young (4096K), 4 survivors (4096K)
 Metaspace       used 58414K, committed 60096K, reserved 491520K
  class space    used 8546K, committed 9344K, reserved 425984K
}
Event: 122.696 GC heap before
{Heap before GC invocations=17 (full 0):
 garbage-first heap   total reserved 2097152K, committed 95232K, used 84009K [0x0000000080000000, 0x0000000100000000)
  region size 1024K, 42 young (43008K), 4 survivors (4096K)
 Metaspace       used 61950K, committed 63808K, reserved 491520K
  class space    used 9144K, committed 10048K, reserved 425984K
}
Event: 122.703 GC heap after
{Heap after GC invocations=18 (full 0):
 garbage-first heap   total reserved 2097152K, committed 95232K, used 47839K [0x0000000080000000, 0x0000000100000000)
  region size 1024K, 6 young (6144K), 6 survivors (6144K)
 Metaspace       used 61950K, committed 63808K, reserved 491520K
  class space    used 9144K, committed 10048K, reserved 425984K
}
Event: 127.336 GC heap before
{Heap before GC invocations=18 (full 0):
 garbage-first heap   total reserved 2097152K, committed 95232K, used 87775K [0x0000000080000000, 0x0000000100000000)
  region size 1024K, 40 young (40960K), 6 survivors (6144K)
 Metaspace       used 63214K, committed 65088K, reserved 491520K
  class space    used 9283K, committed 10176K, reserved 425984K
}
Event: 127.347 GC heap after
{Heap after GC invocations=19 (full 0):
 garbage-first heap   total reserved 2097152K, committed 100352K, used 57311K [0x0000000080000000, 0x0000000100000000)
  region size 1024K, 5 young (5120K), 5 survivors (5120K)
 Metaspace       used 63214K, committed 65088K, reserved 491520K
  class space    used 9283K, committed 10176K, reserved 425984K
}
Event: 133.330 GC heap before
{Heap before GC invocations=19 (full 0):
 garbage-first heap   total reserved 2097152K, committed 100352K, used 88031K [0x0000000080000000, 0x0000000100000000)
  region size 1024K, 35 young (35840K), 5 survivors (5120K)
 Metaspace       used 66501K, committed 68480K, reserved 491520K
  class space    used 9694K, committed 10624K, reserved 425984K
}
Event: 133.337 GC heap after
{Heap after GC invocations=20 (full 0):
 garbage-first heap   total reserved 2097152K, committed 100352K, used 59331K [0x0000000080000000, 0x0000000100000000)
  region size 1024K, 2 young (2048K), 2 survivors (2048K)
 Metaspace       used 66501K, committed 68480K, reserved 491520K
  class space    used 9694K, committed 10624K, reserved 425984K
}
Event: 140.142 GC heap before
{Heap before GC invocations=21 (full 0):
 garbage-first heap   total reserved 2097152K, committed 101376K, used 91075K [0x0000000080000000, 0x0000000100000000)
  region size 1024K, 33 young (33792K), 2 survivors (2048K)
 Metaspace       used 68647K, committed 70592K, reserved 491520K
  class space    used 10009K, committed 10944K, reserved 425984K
}
Event: 140.147 GC heap after
{Heap after GC invocations=22 (full 0):
 garbage-first heap   total reserved 2097152K, committed 101376K, used 60112K [0x0000000080000000, 0x0000000100000000)
  region size 1024K, 3 young (3072K), 3 survivors (3072K)
 Metaspace       used 68647K, committed 70592K, reserved 491520K
  class space    used 10009K, committed 10944K, reserved 425984K
}
Event: 145.824 GC heap before
{Heap before GC invocations=22 (full 0):
 garbage-first heap   total reserved 2097152K, committed 101376K, used 90832K [0x0000000080000000, 0x0000000100000000)
  region size 1024K, 33 young (33792K), 3 survivors (3072K)
 Metaspace       used 72253K, committed 74240K, reserved 491520K
  class space    used 10560K, committed 11520K, reserved 425984K
}
Event: 145.831 GC heap after
{Heap after GC invocations=23 (full 0):
 garbage-first heap   total reserved 2097152K, committed 101376K, used 60762K [0x0000000080000000, 0x0000000100000000)
  region size 1024K, 4 young (4096K), 4 survivors (4096K)
 Metaspace       used 72253K, committed 74240K, reserved 491520K
  class space    used 10560K, committed 11520K, reserved 425984K
}
Event: 150.930 GC heap before
{Heap before GC invocations=23 (full 0):
 garbage-first heap   total reserved 2097152K, committed 101376K, used 90458K [0x0000000080000000, 0x0000000100000000)
  region size 1024K, 33 young (33792K), 4 survivors (4096K)
 Metaspace       used 74223K, committed 76288K, reserved 491520K
  class space    used 10865K, committed 11840K, reserved 425984K
}
Event: 150.938 GC heap after
{Heap after GC invocations=24 (full 0):
 garbage-first heap   total reserved 2097152K, committed 101376K, used 62073K [0x0000000080000000, 0x0000000100000000)
  region size 1024K, 4 young (4096K), 4 survivors (4096K)
 Metaspace       used 74223K, committed 76288K, reserved 491520K
  class space    used 10865K, committed 11840K, reserved 425984K
}
Event: 155.412 GC heap before
{Heap before GC invocations=25 (full 0):
 garbage-first heap   total reserved 2097152K, committed 104448K, used 89721K [0x0000000080000000, 0x0000000100000000)
  region size 1024K, 32 young (32768K), 4 survivors (4096K)
 Metaspace       used 75788K, committed 77888K, reserved 557056K
  class space    used 11103K, committed 12096K, reserved 425984K
}
Event: 155.419 GC heap after
{Heap after GC invocations=26 (full 0):
 garbage-first heap   total reserved 2097152K, committed 104448K, used 63535K [0x0000000080000000, 0x0000000100000000)
  region size 1024K, 3 young (3072K), 3 survivors (3072K)
 Metaspace       used 75788K, committed 77888K, reserved 557056K
  class space    used 11103K, committed 12096K, reserved 425984K
}

